<?xml version="1.0" encoding="UTF-8"?>
<!-- Generated by org.testng.reporters.JUnitReportReporter -->
<testsuite skipped="0" hostname="TriloknathK-MTP" name="Fileutils.Jsonx" tests="1" failures="0" timestamp="22 Aug 2018 09:07:10 GMT" time="0.547" errors="0">
  <testcase name="Book" time="0.547" classname="Fileutils.Jsonx"/>
</testsuite> <!-- Fileutils.Jsonx -->
