<?xml version="1.0" encoding="UTF-8"?>
<!-- Generated by org.testng.reporters.JUnitReportReporter -->
<testsuite skipped="0" hostname="TriloknathKa" name="Fileutils.Demo6" tests="1" failures="0" timestamp="06 May 2018 07:51:31 GMT" time="45.508" errors="0">
  <testcase name="test" time="45.508" classname="Fileutils.Demo6"/>
</testsuite> <!-- Fileutils.Demo6 -->
