<?xml version="1.0" encoding="UTF-8"?>
<!-- Generated by org.testng.reporters.JUnitReportReporter -->
<testsuite skipped="0" hostname="TriloknathKa" name="pratice1.Run1" tests="1" failures="0" timestamp="13 Jun 2018 07:01:11 GMT" time="1.017" errors="0">
  <testcase name="DatapullM" time="1.017" classname="pratice1.Run1"/>
</testsuite> <!-- pratice1.Run1 -->
