<?xml version="1.0" encoding="UTF-8"?>
<!-- Generated by org.testng.reporters.JUnitReportReporter -->
<testsuite skipped="0" hostname="TriloknathKa" name="AIMobile.Run1" tests="1" failures="0" timestamp="02 Jun 2018 17:52:40 GMT" time="0.967" errors="0">
  <testcase name="DatapullM" time="0.967" classname="AIMobile.Run1"/>
</testsuite> <!-- AIMobile.Run1 -->
