<?xml version="1.0" encoding="UTF-8"?>
<!-- Generated by org.testng.reporters.JUnitReportReporter -->
<testsuite skipped="0" hostname="IND03382" name="TestNG.Alltestcases1Test" tests="1" failures="0" timestamp="22 Feb 2019 10:45:30 GMT" time="142.911" errors="0">
  <testcase name="Bookameeting" time="142.911" classname="TestNG.Alltestcases1Test"/>
</testsuite> <!-- TestNG.Alltestcases1Test -->
