<?xml version="1.0" encoding="UTF-8"?>
<!-- Generated by org.testng.reporters.JUnitReportReporter -->
<testsuite skipped="0" hostname="TriloknathK-MTP" name="pratice1.Extract" tests="1" failures="0" timestamp="13 Aug 2018 13:10:29 GMT" time="0.496" errors="0">
  <testcase name="Book2" time="0.496" classname="pratice1.Extract"/>
</testsuite> <!-- pratice1.Extract -->
