<?xml version="1.0" encoding="UTF-8"?>
<!-- Generated by org.testng.reporters.JUnitReportReporter -->
<testsuite skipped="0" hostname="TriloknathK-MTP" name="pratice1.credentials" tests="1" failures="0" timestamp="22 Aug 2018 12:12:18 GMT" time="0.513" errors="0">
  <testcase name="Book" time="0.513" classname="pratice1.credentials"/>
</testsuite> <!-- pratice1.credentials -->
