<?xml version="1.0" encoding="UTF-8"?>
<!-- Generated by org.testng.reporters.JUnitReportReporter -->
<testsuite skipped="0" hostname="TriloknathK-MTP" name="pratice1.Excel1" tests="1" failures="0" timestamp="07 Aug 2018 07:32:16 GMT" time="0.597" errors="0">
  <testcase name="Book" time="0.597" classname="pratice1.Excel1"/>
</testsuite> <!-- pratice1.Excel1 -->
