<?xml version="1.0" encoding="UTF-8"?>
<!-- Generated by org.testng.reporters.JUnitReportReporter -->
<testsuite skipped="0" hostname="TriloknathK-MTP" name="AIMobile.mobile" tests="1" failures="0" timestamp="22 Aug 2018 06:37:47 GMT" time="291.558" errors="0">
  <testcase name="Book2" time="291.558" classname="AIMobile.mobile"/>
</testsuite> <!-- AIMobile.mobile -->
