<?xml version="1.0" encoding="UTF-8"?>
<!-- Generated by org.testng.reporters.JUnitReportReporter -->
<testsuite skipped="0" hostname="TriloknathK-MTP" name="pratice1.JiraAutomation1" tests="1" failures="0" timestamp="23 Aug 2018 11:56:08 GMT" time="352.900" errors="0">
  <testcase name="main1" time="352.900" classname="pratice1.JiraAutomation1"/>
</testsuite> <!-- pratice1.JiraAutomation1 -->
