<?xml version="1.0" encoding="UTF-8"?>
<!-- Generated by org.testng.reporters.JUnitReportReporter -->
<testsuite skipped="0" hostname="IND03382" name="AIMobile.mobile2" tests="1" failures="0" timestamp="23 Feb 2019 19:52:06 GMT" time="201.564" errors="0">
  <testcase name="Book2" time="201.564" classname="AIMobile.mobile2"/>
</testsuite> <!-- AIMobile.mobile2 -->
