<?xml version="1.0" encoding="UTF-8"?>
<!-- Generated by org.testng.reporters.JUnitReportReporter -->
<testsuite skipped="0" hostname="TriloknathK-MTP" name="Fileutils.Jsonp" tests="1" failures="0" timestamp="14 Aug 2018 09:44:25 GMT" time="0.014" errors="0">
  <testcase name="Book" time="0.014" classname="Fileutils.Jsonp"/>
</testsuite> <!-- Fileutils.Jsonp -->
