<?xml version="1.0" encoding="UTF-8"?>
<!-- Generated by org.testng.reporters.JUnitReportReporter -->
<testsuite skipped="0" hostname="TriloknathKa" name="mobile" tests="1" failures="0" timestamp="15 May 2018 12:27:46 GMT" time="99.848" errors="0">
  <testcase name="test" time="99.848" classname="mobile"/>
</testsuite> <!-- mobile -->
